<?xml version="1.0" encoding="UTF-8"?>
<!-- Generated by org.testng.reporters.JUnitReportReporter -->
<testsuite hostname="AsadUzzaman" name="com.cs.ui.test.PurchaseTicketsTest" tests="1" failures="0" timestamp="1 Dec 2013 03:57:01 GMT" time="0.280" errors="0">
  <testcase name="buyTickets" time="0.280" classname="com.cs.ui.test.PurchaseTicketsTest"/>
</testsuite> <!-- com.cs.ui.test.PurchaseTicketsTest -->
