<?xml version="1.0" encoding="UTF-8"?>
<!-- Generated by org.testng.reporters.JUnitReportReporter -->
<testsuite hostname="Shahiduls-MacBook-Pro.local" name="com.cs.ui.test.ShahidulTest" tests="1" failures="0" timestamp="1 Dec 2013 19:44:45 GMT" time="17.051" errors="0">
  <testcase name="removeAll" time="17.051" classname="com.cs.ui.test.ShahidulTest"/>
</testsuite> <!-- com.cs.ui.test.ShahidulTest -->
