<?xml version="1.0" encoding="UTF-8"?>
<!-- Generated by org.testng.reporters.JUnitReportReporter -->
<testsuite hostname="Shahiduls-MacBook-Pro.local" name="com.cs.ui.test.ShahidulTest" tests="1" failures="0" timestamp="1 Dec 2013 05:20:05 GMT" time="1.795" errors="0">
  <testcase name="demo1" time="1.795" classname="com.cs.ui.test.ShahidulTest"/>
</testsuite> <!-- com.cs.ui.test.ShahidulTest -->
