<?xml version="1.0" encoding="UTF-8"?>
<!-- Generated by org.testng.reporters.JUnitReportReporter -->
<testsuite hostname="AsadUzzaman" name="com.cs.ui.test.ShTest" tests="1" failures="0" timestamp="1 Dec 2013 05:05:41 GMT" time="1.771" errors="0">
  <testcase name="buyTicketExistingCustomers" time="1.771" classname="com.cs.ui.test.ShTest"/>
</testsuite> <!-- com.cs.ui.test.ShTest -->
